-------------------------------------------------------------------------------
Test set: auction.service.ItemsFromSellerTest
-------------------------------------------------------------------------------
Tests run: 2, Failures: 0, Errors: 2, Skipped: 0, Time elapsed: 2.251 sec <<< FAILURE!
numberOfOfferdItems(auction.service.ItemsFromSellerTest)  Time elapsed: 2.148 sec  <<< ERROR!
Local Exception Stack: 
Exception [EclipseLink-7215] (Eclipse Persistence Services - 2.5.2.v20140319-9ad6abd): org.eclipse.persistence.exceptions.ValidationException
Exception Description: Could not load the field named [offeredItems] on the class [class auction.domain.User_]. Ensure there is a corresponding field with that name defined on the class.
Internal Exception: java.lang.IllegalArgumentException: Can not set static javax.persistence.metamodel.SingularAttribute field auction.domain.User_.offeredItems to org.eclipse.persistence.internal.jpa.metamodel.SetAttributeImpl
	at org.eclipse.persistence.exceptions.ValidationException.invalidFieldForClass(ValidationException.java:2724)
	at org.eclipse.persistence.internal.jpa.EntityManagerSetupImpl.initializeCanonicalMetamodel(EntityManagerSetupImpl.java:3485)
	at org.eclipse.persistence.internal.jpa.EntityManagerSetupImpl.getMetamodel(EntityManagerSetupImpl.java:3449)
	at org.eclipse.persistence.internal.jpa.EntityManagerFactoryDelegate.getMetamodel(EntityManagerFactoryDelegate.java:638)
	at org.eclipse.persistence.internal.jpa.EntityManagerImpl.getMetamodel(EntityManagerImpl.java:2638)
	at utill.DatabaseCleaner.getEntityName(DatabaseCleaner.java:38)
	at utill.DatabaseCleaner.deleteEntities(DatabaseCleaner.java:34)
	at utill.DatabaseCleaner.clean(DatabaseCleaner.java:27)
	at auction.service.ItemsFromSellerTest.setUp(ItemsFromSellerTest.java:32)
	at sun.reflect.NativeMethodAccessorImpl.invoke0(Native Method)
	at sun.reflect.NativeMethodAccessorImpl.invoke(NativeMethodAccessorImpl.java:62)
	at sun.reflect.DelegatingMethodAccessorImpl.invoke(DelegatingMethodAccessorImpl.java:43)
	at java.lang.reflect.Method.invoke(Method.java:498)
	at org.junit.runners.model.FrameworkMethod$1.runReflectiveCall(FrameworkMethod.java:50)
	at org.junit.internal.runners.model.ReflectiveCallable.run(ReflectiveCallable.java:12)
	at org.junit.runners.model.FrameworkMethod.invokeExplosively(FrameworkMethod.java:47)
	at org.junit.internal.runners.statements.RunBefores.evaluate(RunBefores.java:24)
	at org.junit.runners.ParentRunner.runLeaf(ParentRunner.java:325)
	at org.junit.runners.BlockJUnit4ClassRunner.runChild(BlockJUnit4ClassRunner.java:78)
	at org.junit.runners.BlockJUnit4ClassRunner.runChild(BlockJUnit4ClassRunner.java:57)
	at org.junit.runners.ParentRunner$3.run(ParentRunner.java:290)
	at org.junit.runners.ParentRunner$1.schedule(ParentRunner.java:71)
	at org.junit.runners.ParentRunner.runChildren(ParentRunner.java:288)
	at org.junit.runners.ParentRunner.access$000(ParentRunner.java:58)
	at org.junit.runners.ParentRunner$2.evaluate(ParentRunner.java:268)
	at org.junit.runners.ParentRunner.run(ParentRunner.java:363)
	at org.apache.maven.surefire.junit4.JUnit4TestSet.execute(JUnit4TestSet.java:53)
	at org.apache.maven.surefire.junit4.JUnit4Provider.executeTestSet(JUnit4Provider.java:123)
	at org.apache.maven.surefire.junit4.JUnit4Provider.invoke(JUnit4Provider.java:104)
	at sun.reflect.NativeMethodAccessorImpl.invoke0(Native Method)
	at sun.reflect.NativeMethodAccessorImpl.invoke(NativeMethodAccessorImpl.java:62)
	at sun.reflect.DelegatingMethodAccessorImpl.invoke(DelegatingMethodAccessorImpl.java:43)
	at java.lang.reflect.Method.invoke(Method.java:498)
	at org.apache.maven.surefire.util.ReflectionUtils.invokeMethodWithArray(ReflectionUtils.java:164)
	at org.apache.maven.surefire.booter.ProviderFactory$ProviderProxy.invoke(ProviderFactory.java:110)
	at org.apache.maven.surefire.booter.SurefireStarter.invokeProvider(SurefireStarter.java:175)
	at org.apache.maven.surefire.booter.SurefireStarter.runSuitesInProcessWhenForked(SurefireStarter.java:107)
	at org.apache.maven.surefire.booter.ForkedBooter.main(ForkedBooter.java:68)
Caused by: java.lang.IllegalArgumentException: Can not set static javax.persistence.metamodel.SingularAttribute field auction.domain.User_.offeredItems to org.eclipse.persistence.internal.jpa.metamodel.SetAttributeImpl
	at sun.reflect.UnsafeFieldAccessorImpl.throwSetIllegalArgumentException(UnsafeFieldAccessorImpl.java:167)
	at sun.reflect.UnsafeFieldAccessorImpl.throwSetIllegalArgumentException(UnsafeFieldAccessorImpl.java:171)
	at sun.reflect.UnsafeQualifiedStaticObjectFieldAccessorImpl.set(UnsafeQualifiedStaticObjectFieldAccessorImpl.java:81)
	at java.lang.reflect.Field.set(Field.java:764)
	at org.eclipse.persistence.internal.jpa.EntityManagerSetupImpl.initializeCanonicalMetamodel(EntityManagerSetupImpl.java:3480)
	... 36 more
getItemsFromSeller(auction.service.ItemsFromSellerTest)  Time elapsed: 0.021 sec  <<< ERROR!
Local Exception Stack: 
Exception [EclipseLink-7215] (Eclipse Persistence Services - 2.5.2.v20140319-9ad6abd): org.eclipse.persistence.exceptions.ValidationException
Exception Description: Could not load the field named [offeredItems] on the class [class auction.domain.User_]. Ensure there is a corresponding field with that name defined on the class.
Internal Exception: java.lang.IllegalArgumentException: Can not set static javax.persistence.metamodel.SingularAttribute field auction.domain.User_.offeredItems to org.eclipse.persistence.internal.jpa.metamodel.SetAttributeImpl
	at org.eclipse.persistence.exceptions.ValidationException.invalidFieldForClass(ValidationException.java:2724)
	at org.eclipse.persistence.internal.jpa.EntityManagerSetupImpl.initializeCanonicalMetamodel(EntityManagerSetupImpl.java:3485)
	at org.eclipse.persistence.internal.jpa.EntityManagerSetupImpl.getMetamodel(EntityManagerSetupImpl.java:3449)
	at org.eclipse.persistence.internal.jpa.EntityManagerFactoryDelegate.getMetamodel(EntityManagerFactoryDelegate.java:638)
	at org.eclipse.persistence.internal.jpa.EntityManagerImpl.getMetamodel(EntityManagerImpl.java:2638)
	at utill.DatabaseCleaner.getEntityName(DatabaseCleaner.java:38)
	at utill.DatabaseCleaner.deleteEntities(DatabaseCleaner.java:34)
	at utill.DatabaseCleaner.clean(DatabaseCleaner.java:27)
	at auction.service.ItemsFromSellerTest.setUp(ItemsFromSellerTest.java:32)
	at sun.reflect.NativeMethodAccessorImpl.invoke0(Native Method)
	at sun.reflect.NativeMethodAccessorImpl.invoke(NativeMethodAccessorImpl.java:62)
	at sun.reflect.DelegatingMethodAccessorImpl.invoke(DelegatingMethodAccessorImpl.java:43)
	at java.lang.reflect.Method.invoke(Method.java:498)
	at org.junit.runners.model.FrameworkMethod$1.runReflectiveCall(FrameworkMethod.java:50)
	at org.junit.internal.runners.model.ReflectiveCallable.run(ReflectiveCallable.java:12)
	at org.junit.runners.model.FrameworkMethod.invokeExplosively(FrameworkMethod.java:47)
	at org.junit.internal.runners.statements.RunBefores.evaluate(RunBefores.java:24)
	at org.junit.runners.ParentRunner.runLeaf(ParentRunner.java:325)
	at org.junit.runners.BlockJUnit4ClassRunner.runChild(BlockJUnit4ClassRunner.java:78)
	at org.junit.runners.BlockJUnit4ClassRunner.runChild(BlockJUnit4ClassRunner.java:57)
	at org.junit.runners.ParentRunner$3.run(ParentRunner.java:290)
	at org.junit.runners.ParentRunner$1.schedule(ParentRunner.java:71)
	at org.junit.runners.ParentRunner.runChildren(ParentRunner.java:288)
	at org.junit.runners.ParentRunner.access$000(ParentRunner.java:58)
	at org.junit.runners.ParentRunner$2.evaluate(ParentRunner.java:268)
	at org.junit.runners.ParentRunner.run(ParentRunner.java:363)
	at org.apache.maven.surefire.junit4.JUnit4TestSet.execute(JUnit4TestSet.java:53)
	at org.apache.maven.surefire.junit4.JUnit4Provider.executeTestSet(JUnit4Provider.java:123)
	at org.apache.maven.surefire.junit4.JUnit4Provider.invoke(JUnit4Provider.java:104)
	at sun.reflect.NativeMethodAccessorImpl.invoke0(Native Method)
	at sun.reflect.NativeMethodAccessorImpl.invoke(NativeMethodAccessorImpl.java:62)
	at sun.reflect.DelegatingMethodAccessorImpl.invoke(DelegatingMethodAccessorImpl.java:43)
	at java.lang.reflect.Method.invoke(Method.java:498)
	at org.apache.maven.surefire.util.ReflectionUtils.invokeMethodWithArray(ReflectionUtils.java:164)
	at org.apache.maven.surefire.booter.ProviderFactory$ProviderProxy.invoke(ProviderFactory.java:110)
	at org.apache.maven.surefire.booter.SurefireStarter.invokeProvider(SurefireStarter.java:175)
	at org.apache.maven.surefire.booter.SurefireStarter.runSuitesInProcessWhenForked(SurefireStarter.java:107)
	at org.apache.maven.surefire.booter.ForkedBooter.main(ForkedBooter.java:68)
Caused by: java.lang.IllegalArgumentException: Can not set static javax.persistence.metamodel.SingularAttribute field auction.domain.User_.offeredItems to org.eclipse.persistence.internal.jpa.metamodel.SetAttributeImpl
	at sun.reflect.UnsafeFieldAccessorImpl.throwSetIllegalArgumentException(UnsafeFieldAccessorImpl.java:167)
	at sun.reflect.UnsafeFieldAccessorImpl.throwSetIllegalArgumentException(UnsafeFieldAccessorImpl.java:171)
	at sun.reflect.UnsafeQualifiedStaticObjectFieldAccessorImpl.set(UnsafeQualifiedStaticObjectFieldAccessorImpl.java:81)
	at java.lang.reflect.Field.set(Field.java:764)
	at org.eclipse.persistence.internal.jpa.EntityManagerSetupImpl.initializeCanonicalMetamodel(EntityManagerSetupImpl.java:3480)
	... 36 more
