<?xml version="1.0" encoding="UTF-8" ?>
<testsuite tests="2" failures="0" name="auction.service.ItemsFromSellerTest" time="2.252" errors="2" skipped="0">
  <properties>
[...]
</properties>
  <testcase classname="auction.service.ItemsFromSellerTest" name="numberOfOfferdItems" time="2.148">
    <error message="
Exception Description: Could not load the field named [offeredItems] on the class [class auction.domain.User_]. Ensure there is a corresponding field with that name defined on the class.
Internal Exception: java.lang.IllegalArgumentException: Can not set static javax.persistence.metamodel.SingularAttribute field auction.domain.User_.offeredItems to org.eclipse.persistence.internal.jpa.metamodel.SetAttributeImpl" type="Local Exception Stack">Local Exception Stack: 
Exception [EclipseLink-7215] (Eclipse Persistence Services - 2.5.2.v20140319-9ad6abd): org.eclipse.persistence.exceptions.ValidationException
Exception Description: Could not load the field named [offeredItems] on the class [class auction.domain.User_]. Ensure there is a corresponding field with that name defined on the class.
Internal Exception: java.lang.IllegalArgumentException: Can not set static javax.persistence.metamodel.SingularAttribute field auction.domain.User_.offeredItems to org.eclipse.persistence.internal.jpa.metamodel.SetAttributeImpl
	at org.eclipse.persistence.exceptions.ValidationException.invalidFieldForClass(ValidationException.java:2724)
	at org.eclipse.persistence.internal.jpa.EntityManagerSetupImpl.initializeCanonicalMetamodel(EntityManagerSetupImpl.java:3485)
	at org.eclipse.persistence.internal.jpa.EntityManagerSetupImpl.getMetamodel(EntityManagerSetupImpl.java:3449)
	at org.eclipse.persistence.internal.jpa.EntityManagerFactoryDelegate.getMetamodel(EntityManagerFactoryDelegate.java:638)
	at org.eclipse.persistence.internal.jpa.EntityManagerImpl.getMetamodel(EntityManagerImpl.java:2638)
	at utill.DatabaseCleaner.getEntityName(DatabaseCleaner.java:38)
	at utill.DatabaseCleaner.deleteEntities(DatabaseCleaner.java:34)
	at utill.DatabaseCleaner.clean(DatabaseCleaner.java:27)
	at auction.service.ItemsFromSellerTest.setUp(ItemsFromSellerTest.java:32)
	at sun.reflect.NativeMethodAccessorImpl.invoke0(Native Method)
	at sun.reflect.NativeMethodAccessorImpl.invoke(NativeMethodAccessorImpl.java:62)
	at sun.reflect.DelegatingMethodAccessorImpl.invoke(DelegatingMethodAccessorImpl.java:43)
	at java.lang.reflect.Method.invoke(Method.java:498)
	at org.junit.runners.model.FrameworkMethod$1.runReflectiveCall(FrameworkMethod.java:50)
	at org.junit.internal.runners.model.ReflectiveCallable.run(ReflectiveCallable.java:12)
	at org.junit.runners.model.FrameworkMethod.invokeExplosively(FrameworkMethod.java:47)
	at org.junit.internal.runners.statements.RunBefores.evaluate(RunBefores.java:24)
	at org.junit.runners.ParentRunner.runLeaf(ParentRunner.java:325)
	at org.junit.runners.BlockJUnit4ClassRunner.runChild(BlockJUnit4ClassRunner.java:78)
	at org.junit.runners.BlockJUnit4ClassRunner.runChild(BlockJUnit4ClassRunner.java:57)
	at org.junit.runners.ParentRunner$3.run(ParentRunner.java:290)
	at org.junit.runners.ParentRunner$1.schedule(ParentRunner.java:71)
	at org.junit.runners.ParentRunner.runChildren(ParentRunner.java:288)
	at org.junit.runners.ParentRunner.access$000(ParentRunner.java:58)
	at org.junit.runners.ParentRunner$2.evaluate(ParentRunner.java:268)
	at org.junit.runners.ParentRunner.run(ParentRunner.java:363)
	at org.apache.maven.surefire.junit4.JUnit4TestSet.execute(JUnit4TestSet.java:53)
	at org.apache.maven.surefire.junit4.JUnit4Provider.executeTestSet(JUnit4Provider.java:123)
	at org.apache.maven.surefire.junit4.JUnit4Provider.invoke(JUnit4Provider.java:104)
	at sun.reflect.NativeMethodAccessorImpl.invoke0(Native Method)
	at sun.reflect.NativeMethodAccessorImpl.invoke(NativeMethodAccessorImpl.java:62)
	at sun.reflect.DelegatingMethodAccessorImpl.invoke(DelegatingMethodAccessorImpl.java:43)
	at java.lang.reflect.Method.invoke(Method.java:498)
	at org.apache.maven.surefire.util.ReflectionUtils.invokeMethodWithArray(ReflectionUtils.java:164)
	at org.apache.maven.surefire.booter.ProviderFactory$ProviderProxy.invoke(ProviderFactory.java:110)
	at org.apache.maven.surefire.booter.SurefireStarter.invokeProvider(SurefireStarter.java:175)
	at org.apache.maven.surefire.booter.SurefireStarter.runSuitesInProcessWhenForked(SurefireStarter.java:107)
	at org.apache.maven.surefire.booter.ForkedBooter.main(ForkedBooter.java:68)
Caused by: java.lang.IllegalArgumentException: Can not set static javax.persistence.metamodel.SingularAttribute field auction.domain.User_.offeredItems to org.eclipse.persistence.internal.jpa.metamodel.SetAttributeImpl
	at sun.reflect.UnsafeFieldAccessorImpl.throwSetIllegalArgumentException(UnsafeFieldAccessorImpl.java:167)
	at sun.reflect.UnsafeFieldAccessorImpl.throwSetIllegalArgumentException(UnsafeFieldAccessorImpl.java:171)
	at sun.reflect.UnsafeQualifiedStaticObjectFieldAccessorImpl.set(UnsafeQualifiedStaticObjectFieldAccessorImpl.java:81)
	at java.lang.reflect.Field.set(Field.java:764)
	at org.eclipse.persistence.internal.jpa.EntityManagerSetupImpl.initializeCanonicalMetamodel(EntityManagerSetupImpl.java:3480)
	... 36 more
</error>
    <system-out>[EL Config]: metadata: 2017-05-23 11:27:22.954--ServerSession(924477420)--Thread(Thread[main,5,main])--The access type for the persistent class [class auction.domain.Bid] is set to [FIELD].
[EL Config]: metadata: 2017-05-23 11:27:22.975--ServerSession(924477420)--Thread(Thread[main,5,main])--The target entity (reference) class for the many to one mapping element [field buyer] is being defaulted to: class auction.domain.User.
[EL Config]: metadata: 2017-05-23 11:27:22.975--ServerSession(924477420)--Thread(Thread[main,5,main])--The access type for the persistent class [class auction.domain.Item] is set to [FIELD].
[EL Config]: metadata: 2017-05-23 11:27:22.975--ServerSession(924477420)--Thread(Thread[main,5,main])--The target entity (reference) class for the many to one mapping element [field seller] is being defaulted to: class auction.domain.User.
[EL Config]: metadata: 2017-05-23 11:27:22.975--ServerSession(924477420)--Thread(Thread[main,5,main])--The target entity (reference) class for the one to one mapping element [field highest] is being defaulted to: class auction.domain.Bid.
[EL Config]: metadata: 2017-05-23 11:27:22.976--ServerSession(924477420)--Thread(Thread[main,5,main])--The access type for the persistent class [class auction.domain.User] is set to [FIELD].
[EL Config]: metadata: 2017-05-23 11:27:22.977--ServerSession(924477420)--Thread(Thread[main,5,main])--The element [field offeredItems] is being defaulted to a one to many mapping.
[EL Config]: metadata: 2017-05-23 11:27:22.98--ServerSession(924477420)--Thread(Thread[main,5,main])--The target entity (reference) class for the one to many mapping element [field offeredItems] is being defaulted to: class auction.domain.Item.
[EL Config]: metadata: 2017-05-23 11:27:22.981--ServerSession(924477420)--Thread(Thread[main,5,main])--The access type for the persistent class [class nl.fontys.util.FontysTime] is set to [FIELD].
[EL Config]: metadata: 2017-05-23 11:27:22.982--ServerSession(924477420)--Thread(Thread[main,5,main])--The alias name for the entity class [class auction.domain.Bid] is being defaulted to: Bid.
[EL Config]: metadata: 2017-05-23 11:27:22.983--ServerSession(924477420)--Thread(Thread[main,5,main])--The table name for entity [class auction.domain.Bid] is being defaulted to: BID.
[EL Config]: metadata: 2017-05-23 11:27:22.994--ServerSession(924477420)--Thread(Thread[main,5,main])--The column name for element [amount] is being defaulted to: AMOUNT.
[EL Config]: metadata: 2017-05-23 11:27:22.996--ServerSession(924477420)--Thread(Thread[main,5,main])--The column name for element [id] is being defaulted to: ID.
[EL Config]: metadata: 2017-05-23 11:27:22.997--ServerSession(924477420)--Thread(Thread[main,5,main])--The column name for element [seconds] is being defaulted to: SECONDS.
[EL Config]: metadata: 2017-05-23 11:27:22.997--ServerSession(924477420)--Thread(Thread[main,5,main])--The alias name for the entity class [class auction.domain.Item] is being defaulted to: Item.
[EL Config]: metadata: 2017-05-23 11:27:22.997--ServerSession(924477420)--Thread(Thread[main,5,main])--The table name for entity [class auction.domain.Item] is being defaulted to: ITEM.
[EL Config]: metadata: 2017-05-23 11:27:22.999--ServerSession(924477420)--Thread(Thread[main,5,main])--The column name for element [description] is being defaulted to: DESCRIPTION.
[EL Config]: metadata: 2017-05-23 11:27:22.999--ServerSession(924477420)--Thread(Thread[main,5,main])--The column name for element [id] is being defaulted to: ID.
[EL Config]: metadata: 2017-05-23 11:27:22.999--ServerSession(924477420)--Thread(Thread[main,5,main])--The column name for element [category] is being defaulted to: CATEGORY.
[EL Config]: metadata: 2017-05-23 11:27:22.999--ServerSession(924477420)--Thread(Thread[main,5,main])--The alias name for the entity class [class auction.domain.User] is being defaulted to: User.
[EL Config]: metadata: 2017-05-23 11:27:22.999--ServerSession(924477420)--Thread(Thread[main,5,main])--The table name for entity [class auction.domain.User] is being defaulted to: USER.
[EL Config]: metadata: 2017-05-23 11:27:23.0--ServerSession(924477420)--Thread(Thread[main,5,main])--The column name for element [email] is being defaulted to: EMAIL.
[EL Config]: metadata: 2017-05-23 11:27:23.01--ServerSession(924477420)--Thread(Thread[main,5,main])--The primary key column name for the mapping element [field buyer] is being defaulted to: EMAIL.
[EL Config]: metadata: 2017-05-23 11:27:23.01--ServerSession(924477420)--Thread(Thread[main,5,main])--The foreign key column name for the mapping element [buyer] is being defaulted to: BUYER_EMAIL.
[EL Config]: metadata: 2017-05-23 11:27:23.011--ServerSession(924477420)--Thread(Thread[main,5,main])--The primary key column name for the mapping element [field seller] is being defaulted to: EMAIL.
[EL Config]: metadata: 2017-05-23 11:27:23.011--ServerSession(924477420)--Thread(Thread[main,5,main])--The foreign key column name for the mapping element [seller] is being defaulted to: SELLER_EMAIL.
[EL Config]: metadata: 2017-05-23 11:27:23.011--ServerSession(924477420)--Thread(Thread[main,5,main])--The primary key column name for the mapping element [field highest] is being defaulted to: ID.
[EL Config]: metadata: 2017-05-23 11:27:23.011--ServerSession(924477420)--Thread(Thread[main,5,main])--The foreign key column name for the mapping element [highest] is being defaulted to: HIGHEST_ID.
[EL Config]: metadata: 2017-05-23 11:27:23.022--ServerSession(924477420)--Thread(Thread[main,5,main])--The join table name for the many to many mapping [field offeredItems] is being defaulted to: USER_ITEM.
[EL Config]: metadata: 2017-05-23 11:27:23.023--ServerSession(924477420)--Thread(Thread[main,5,main])--The source primary key column name for the many to many mapping [field offeredItems] is being defaulted to: EMAIL.
[EL Config]: metadata: 2017-05-23 11:27:23.023--ServerSession(924477420)--Thread(Thread[main,5,main])--The source foreign key column name for the many to many mapping [offeredItems] is being defaulted to: User_EMAIL.
[EL Config]: metadata: 2017-05-23 11:27:23.023--ServerSession(924477420)--Thread(Thread[main,5,main])--The target primary key column name for the many to many mapping [field offeredItems] is being defaulted to: ID.
[EL Config]: metadata: 2017-05-23 11:27:23.023--ServerSession(924477420)--Thread(Thread[main,5,main])--The target foreign key column name for the many to many mapping [offeredItems] is being defaulted to: offeredItems_ID.
[EL Info]: 2017-05-23 11:27:23.521--ServerSession(924477420)--Thread(Thread[main,5,main])--EclipseLink, version: Eclipse Persistence Services - 2.5.2.v20140319-9ad6abd
[EL Fine]: connection: 2017-05-23 11:27:23.721--Thread(Thread[main,5,main])--Detected database platform: org.eclipse.persistence.platform.database.MySQLPlatform
[EL Config]: connection: 2017-05-23 11:27:23.731--ServerSession(924477420)--Connection(1011920203)--Thread(Thread[main,5,main])--connecting(DatabaseLogin(
	platform=&gt;MySQLPlatform
	user name=&gt; &quot;root&quot;
	datasource URL=&gt; &quot;jdbc:mysql://localhost:3306/veiling&quot;
))
[EL Config]: connection: 2017-05-23 11:27:23.736--ServerSession(924477420)--Connection(773301025)--Thread(Thread[main,5,main])--Connected: jdbc:mysql://localhost:3306/veiling
	User: root@localhost
	Database: MySQL  Version: 5.7.14
	Driver: MySQL Connector Java  Version: mysql-connector-java-5.1.39 ( Revision: 3289a357af6d09ecc1a10fd3c26e95183e5790ad )
[EL Info]: connection: 2017-05-23 11:27:23.856--ServerSession(924477420)--Thread(Thread[main,5,main])--file:/D:/Fontys/J2/Semester_4/SE42/S42-ORM-Auction/auction/target/classes/_auctionPU login successful
[EL Fine]: sql: 2017-05-23 11:27:23.885--ServerSession(924477420)--Connection(773301025)--Thread(Thread[main,5,main])--CREATE TABLE USER (EMAIL VARCHAR(255) NOT NULL, PRIMARY KEY (EMAIL))
[EL Fine]: sql: 2017-05-23 11:27:23.997--ServerSession(924477420)--Connection(773301025)--Thread(Thread[main,5,main])--CREATE TABLE ITEM (ID BIGINT AUTO_INCREMENT NOT NULL, CATEGORY LONGBLOB, DESCRIPTION VARCHAR(255), SELLER_EMAIL VARCHAR(255), HIGHEST_ID BIGINT, PRIMARY KEY (ID))
[EL Fine]: sql: 2017-05-23 11:27:24.093--ServerSession(924477420)--Connection(773301025)--Thread(Thread[main,5,main])--CREATE TABLE BID (ID BIGINT AUTO_INCREMENT NOT NULL, AMOUNT LONGBLOB, SECONDS BIGINT, BUYER_EMAIL VARCHAR(255), PRIMARY KEY (ID))
[EL Fine]: sql: 2017-05-23 11:27:24.207--ServerSession(924477420)--Connection(773301025)--Thread(Thread[main,5,main])--CREATE TABLE USER_ITEM (User_EMAIL VARCHAR(255) NOT NULL, offeredItems_ID BIGINT NOT NULL, PRIMARY KEY (User_EMAIL, offeredItems_ID))
[EL Fine]: sql: 2017-05-23 11:27:24.291--ServerSession(924477420)--Connection(773301025)--Thread(Thread[main,5,main])--ALTER TABLE ITEM ADD CONSTRAINT FK_ITEM_SELLER_EMAIL FOREIGN KEY (SELLER_EMAIL) REFERENCES USER (EMAIL)
[EL Fine]: sql: 2017-05-23 11:27:24.393--ServerSession(924477420)--Connection(773301025)--Thread(Thread[main,5,main])--ALTER TABLE ITEM ADD CONSTRAINT FK_ITEM_HIGHEST_ID FOREIGN KEY (HIGHEST_ID) REFERENCES BID (ID)
[EL Fine]: sql: 2017-05-23 11:27:24.509--ServerSession(924477420)--Connection(773301025)--Thread(Thread[main,5,main])--ALTER TABLE BID ADD CONSTRAINT FK_BID_BUYER_EMAIL FOREIGN KEY (BUYER_EMAIL) REFERENCES USER (EMAIL)
[EL Fine]: sql: 2017-05-23 11:27:24.624--ServerSession(924477420)--Connection(773301025)--Thread(Thread[main,5,main])--ALTER TABLE USER_ITEM ADD CONSTRAINT FK_USER_ITEM_offeredItems_ID FOREIGN KEY (offeredItems_ID) REFERENCES ITEM (ID)
[EL Fine]: sql: 2017-05-23 11:27:24.691--ServerSession(924477420)--Connection(773301025)--Thread(Thread[main,5,main])--ALTER TABLE USER_ITEM ADD CONSTRAINT FK_USER_ITEM_User_EMAIL FOREIGN KEY (User_EMAIL) REFERENCES USER (EMAIL)
</system-out>
    <system-err>Tue May 23 11:27:23 CEST 2017 WARN: Establishing SSL connection without server&apos;s identity verification is not recommended. According to MySQL 5.5.45+, 5.6.26+ and 5.7.6+ requirements SSL connection must be established by default if explicit option isn&apos;t set. For compliance with existing applications not using SSL the verifyServerCertificate property is set to &apos;false&apos;. You need either to explicitly disable SSL by setting useSSL=false, or set useSSL=true and provide truststore for server certificate verification.
Tue May 23 11:27:23 CEST 2017 WARN: Establishing SSL connection without server&apos;s identity verification is not recommended. According to MySQL 5.5.45+, 5.6.26+ and 5.7.6+ requirements SSL connection must be established by default if explicit option isn&apos;t set. For compliance with existing applications not using SSL the verifyServerCertificate property is set to &apos;false&apos;. You need either to explicitly disable SSL by setting useSSL=false, or set useSSL=true and provide truststore for server certificate verification.
</system-err>
  </testcase>
  <testcase classname="auction.service.ItemsFromSellerTest" name="getItemsFromSeller" time="0.021">
    <error message="
Exception Description: Could not load the field named [offeredItems] on the class [class auction.domain.User_]. Ensure there is a corresponding field with that name defined on the class.
Internal Exception: java.lang.IllegalArgumentException: Can not set static javax.persistence.metamodel.SingularAttribute field auction.domain.User_.offeredItems to org.eclipse.persistence.internal.jpa.metamodel.SetAttributeImpl" type="Local Exception Stack">Local Exception Stack: 
Exception [EclipseLink-7215] (Eclipse Persistence Services - 2.5.2.v20140319-9ad6abd): org.eclipse.persistence.exceptions.ValidationException
Exception Description: Could not load the field named [offeredItems] on the class [class auction.domain.User_]. Ensure there is a corresponding field with that name defined on the class.
Internal Exception: java.lang.IllegalArgumentException: Can not set static javax.persistence.metamodel.SingularAttribute field auction.domain.User_.offeredItems to org.eclipse.persistence.internal.jpa.metamodel.SetAttributeImpl
	at org.eclipse.persistence.exceptions.ValidationException.invalidFieldForClass(ValidationException.java:2724)
	at org.eclipse.persistence.internal.jpa.EntityManagerSetupImpl.initializeCanonicalMetamodel(EntityManagerSetupImpl.java:3485)
	at org.eclipse.persistence.internal.jpa.EntityManagerSetupImpl.getMetamodel(EntityManagerSetupImpl.java:3449)
	at org.eclipse.persistence.internal.jpa.EntityManagerFactoryDelegate.getMetamodel(EntityManagerFactoryDelegate.java:638)
	at org.eclipse.persistence.internal.jpa.EntityManagerImpl.getMetamodel(EntityManagerImpl.java:2638)
	at utill.DatabaseCleaner.getEntityName(DatabaseCleaner.java:38)
	at utill.DatabaseCleaner.deleteEntities(DatabaseCleaner.java:34)
	at utill.DatabaseCleaner.clean(DatabaseCleaner.java:27)
	at auction.service.ItemsFromSellerTest.setUp(ItemsFromSellerTest.java:32)
	at sun.reflect.NativeMethodAccessorImpl.invoke0(Native Method)
	at sun.reflect.NativeMethodAccessorImpl.invoke(NativeMethodAccessorImpl.java:62)
	at sun.reflect.DelegatingMethodAccessorImpl.invoke(DelegatingMethodAccessorImpl.java:43)
	at java.lang.reflect.Method.invoke(Method.java:498)
	at org.junit.runners.model.FrameworkMethod$1.runReflectiveCall(FrameworkMethod.java:50)
	at org.junit.internal.runners.model.ReflectiveCallable.run(ReflectiveCallable.java:12)
	at org.junit.runners.model.FrameworkMethod.invokeExplosively(FrameworkMethod.java:47)
	at org.junit.internal.runners.statements.RunBefores.evaluate(RunBefores.java:24)
	at org.junit.runners.ParentRunner.runLeaf(ParentRunner.java:325)
	at org.junit.runners.BlockJUnit4ClassRunner.runChild(BlockJUnit4ClassRunner.java:78)
	at org.junit.runners.BlockJUnit4ClassRunner.runChild(BlockJUnit4ClassRunner.java:57)
	at org.junit.runners.ParentRunner$3.run(ParentRunner.java:290)
	at org.junit.runners.ParentRunner$1.schedule(ParentRunner.java:71)
	at org.junit.runners.ParentRunner.runChildren(ParentRunner.java:288)
	at org.junit.runners.ParentRunner.access$000(ParentRunner.java:58)
	at org.junit.runners.ParentRunner$2.evaluate(ParentRunner.java:268)
	at org.junit.runners.ParentRunner.run(ParentRunner.java:363)
	at org.apache.maven.surefire.junit4.JUnit4TestSet.execute(JUnit4TestSet.java:53)
	at org.apache.maven.surefire.junit4.JUnit4Provider.executeTestSet(JUnit4Provider.java:123)
	at org.apache.maven.surefire.junit4.JUnit4Provider.invoke(JUnit4Provider.java:104)
	at sun.reflect.NativeMethodAccessorImpl.invoke0(Native Method)
	at sun.reflect.NativeMethodAccessorImpl.invoke(NativeMethodAccessorImpl.java:62)
	at sun.reflect.DelegatingMethodAccessorImpl.invoke(DelegatingMethodAccessorImpl.java:43)
	at java.lang.reflect.Method.invoke(Method.java:498)
	at org.apache.maven.surefire.util.ReflectionUtils.invokeMethodWithArray(ReflectionUtils.java:164)
	at org.apache.maven.surefire.booter.ProviderFactory$ProviderProxy.invoke(ProviderFactory.java:110)
	at org.apache.maven.surefire.booter.SurefireStarter.invokeProvider(SurefireStarter.java:175)
	at org.apache.maven.surefire.booter.SurefireStarter.runSuitesInProcessWhenForked(SurefireStarter.java:107)
	at org.apache.maven.surefire.booter.ForkedBooter.main(ForkedBooter.java:68)
Caused by: java.lang.IllegalArgumentException: Can not set static javax.persistence.metamodel.SingularAttribute field auction.domain.User_.offeredItems to org.eclipse.persistence.internal.jpa.metamodel.SetAttributeImpl
	at sun.reflect.UnsafeFieldAccessorImpl.throwSetIllegalArgumentException(UnsafeFieldAccessorImpl.java:167)
	at sun.reflect.UnsafeFieldAccessorImpl.throwSetIllegalArgumentException(UnsafeFieldAccessorImpl.java:171)
	at sun.reflect.UnsafeQualifiedStaticObjectFieldAccessorImpl.set(UnsafeQualifiedStaticObjectFieldAccessorImpl.java:81)
	at java.lang.reflect.Field.set(Field.java:764)
	at org.eclipse.persistence.internal.jpa.EntityManagerSetupImpl.initializeCanonicalMetamodel(EntityManagerSetupImpl.java:3480)
	... 36 more
</error>
  </testcase>
</testsuite>