<?xml version="1.0" encoding="UTF-8" ?>
<testsuite tests="2" failures="0" name="auction.service.SellerMgrTest" time="0.048" errors="2" skipped="0">
  <properties>
[...]
</properties>
  <testcase classname="auction.service.SellerMgrTest" name="testOfferItem" time="0.002">
    <error message="
Exception Description: An exception was thrown while searching for persistence archives with ClassLoader: sun.misc.Launcher$AppClassLoader@6bc7c054
Internal Exception: javax.persistence.PersistenceException: Exception [EclipseLink-28018] (Eclipse Persistence Services - 2.5.2.v20140319-9ad6abd): org.eclipse.persistence.exceptions.EntityManagerSetupException
Exception Description: Predeployment of PersistenceUnit [auctionPU] failed.
Internal Exception: Exception [EclipseLink-7155] (Eclipse Persistence Services - 2.5.2.v20140319-9ad6abd): org.eclipse.persistence.exceptions.ValidationException
Exception Description: The type [class nl.fontys.util.FontysTime] for the attribute [time] on the entity class [class auction.domain.Bid] is not a valid type for a serialized mapping. The attribute type must implement the Serializable interface." type="Local Exception Stack">Local Exception Stack: 
Exception [EclipseLink-30005] (Eclipse Persistence Services - 2.5.2.v20140319-9ad6abd): org.eclipse.persistence.exceptions.PersistenceUnitLoadingException
Exception Description: An exception was thrown while searching for persistence archives with ClassLoader: sun.misc.Launcher$AppClassLoader@6bc7c054
Internal Exception: javax.persistence.PersistenceException: Exception [EclipseLink-28018] (Eclipse Persistence Services - 2.5.2.v20140319-9ad6abd): org.eclipse.persistence.exceptions.EntityManagerSetupException
Exception Description: Predeployment of PersistenceUnit [auctionPU] failed.
Internal Exception: Exception [EclipseLink-7155] (Eclipse Persistence Services - 2.5.2.v20140319-9ad6abd): org.eclipse.persistence.exceptions.ValidationException
Exception Description: The type [class nl.fontys.util.FontysTime] for the attribute [time] on the entity class [class auction.domain.Bid] is not a valid type for a serialized mapping. The attribute type must implement the Serializable interface.
	at org.eclipse.persistence.exceptions.PersistenceUnitLoadingException.exceptionSearchingForPersistenceResources(PersistenceUnitLoadingException.java:127)
	at org.eclipse.persistence.jpa.PersistenceProvider.createEntityManagerFactoryImpl(PersistenceProvider.java:107)
	at org.eclipse.persistence.jpa.PersistenceProvider.createEntityManagerFactory(PersistenceProvider.java:177)
	at javax.persistence.Persistence.createEntityManagerFactory(Persistence.java:79)
	at javax.persistence.Persistence.createEntityManagerFactory(Persistence.java:54)
	at auction.service.SellerMgrTest.&lt;init&gt;(SellerMgrTest.java:24)
	at sun.reflect.NativeConstructorAccessorImpl.newInstance0(Native Method)
	at sun.reflect.NativeConstructorAccessorImpl.newInstance(NativeConstructorAccessorImpl.java:62)
	at sun.reflect.DelegatingConstructorAccessorImpl.newInstance(DelegatingConstructorAccessorImpl.java:45)
	at java.lang.reflect.Constructor.newInstance(Constructor.java:423)
	at org.junit.runners.BlockJUnit4ClassRunner.createTest(BlockJUnit4ClassRunner.java:217)
	at org.junit.runners.BlockJUnit4ClassRunner$1.runReflectiveCall(BlockJUnit4ClassRunner.java:266)
	at org.junit.internal.runners.model.ReflectiveCallable.run(ReflectiveCallable.java:12)
	at org.junit.runners.BlockJUnit4ClassRunner.methodBlock(BlockJUnit4ClassRunner.java:263)
	at org.junit.runners.BlockJUnit4ClassRunner.runChild(BlockJUnit4ClassRunner.java:78)
	at org.junit.runners.BlockJUnit4ClassRunner.runChild(BlockJUnit4ClassRunner.java:57)
	at org.junit.runners.ParentRunner$3.run(ParentRunner.java:290)
	at org.junit.runners.ParentRunner$1.schedule(ParentRunner.java:71)
	at org.junit.runners.ParentRunner.runChildren(ParentRunner.java:288)
	at org.junit.runners.ParentRunner.access$000(ParentRunner.java:58)
	at org.junit.runners.ParentRunner$2.evaluate(ParentRunner.java:268)
	at org.junit.runners.ParentRunner.run(ParentRunner.java:363)
	at org.apache.maven.surefire.junit4.JUnit4TestSet.execute(JUnit4TestSet.java:53)
	at org.apache.maven.surefire.junit4.JUnit4Provider.executeTestSet(JUnit4Provider.java:123)
	at org.apache.maven.surefire.junit4.JUnit4Provider.invoke(JUnit4Provider.java:104)
	at sun.reflect.NativeMethodAccessorImpl.invoke0(Native Method)
	at sun.reflect.NativeMethodAccessorImpl.invoke(NativeMethodAccessorImpl.java:62)
	at sun.reflect.DelegatingMethodAccessorImpl.invoke(DelegatingMethodAccessorImpl.java:43)
	at java.lang.reflect.Method.invoke(Method.java:498)
	at org.apache.maven.surefire.util.ReflectionUtils.invokeMethodWithArray(ReflectionUtils.java:164)
	at org.apache.maven.surefire.booter.ProviderFactory$ProviderProxy.invoke(ProviderFactory.java:110)
	at org.apache.maven.surefire.booter.SurefireStarter.invokeProvider(SurefireStarter.java:175)
	at org.apache.maven.surefire.booter.SurefireStarter.runSuitesInProcessWhenForked(SurefireStarter.java:107)
	at org.apache.maven.surefire.booter.ForkedBooter.main(ForkedBooter.java:68)
Caused by: javax.persistence.PersistenceException: Exception [EclipseLink-28018] (Eclipse Persistence Services - 2.5.2.v20140319-9ad6abd): org.eclipse.persistence.exceptions.EntityManagerSetupException
Exception Description: Predeployment of PersistenceUnit [auctionPU] failed.
Internal Exception: Exception [EclipseLink-7155] (Eclipse Persistence Services - 2.5.2.v20140319-9ad6abd): org.eclipse.persistence.exceptions.ValidationException
Exception Description: The type [class nl.fontys.util.FontysTime] for the attribute [time] on the entity class [class auction.domain.Bid] is not a valid type for a serialized mapping. The attribute type must implement the Serializable interface.
	at org.eclipse.persistence.internal.jpa.EntityManagerSetupImpl.createPredeployFailedPersistenceException(EntityManagerSetupImpl.java:1954)
	at org.eclipse.persistence.internal.jpa.EntityManagerSetupImpl.predeploy(EntityManagerSetupImpl.java:1945)
	at org.eclipse.persistence.internal.jpa.deployment.JPAInitializer.callPredeploy(JPAInitializer.java:98)
	at org.eclipse.persistence.jpa.PersistenceProvider.createEntityManagerFactoryImpl(PersistenceProvider.java:96)
	... 32 more
Caused by: Exception [EclipseLink-28018] (Eclipse Persistence Services - 2.5.2.v20140319-9ad6abd): org.eclipse.persistence.exceptions.EntityManagerSetupException
Exception Description: Predeployment of PersistenceUnit [auctionPU] failed.
Internal Exception: Exception [EclipseLink-7155] (Eclipse Persistence Services - 2.5.2.v20140319-9ad6abd): org.eclipse.persistence.exceptions.ValidationException
Exception Description: The type [class nl.fontys.util.FontysTime] for the attribute [time] on the entity class [class auction.domain.Bid] is not a valid type for a serialized mapping. The attribute type must implement the Serializable interface.
	at org.eclipse.persistence.exceptions.EntityManagerSetupException.predeployFailed(EntityManagerSetupException.java:230)
	... 36 more
Caused by: Exception [EclipseLink-7155] (Eclipse Persistence Services - 2.5.2.v20140319-9ad6abd): org.eclipse.persistence.exceptions.ValidationException
Exception Description: The type [class nl.fontys.util.FontysTime] for the attribute [time] on the entity class [class auction.domain.Bid] is not a valid type for a serialized mapping. The attribute type must implement the Serializable interface.
	at org.eclipse.persistence.exceptions.ValidationException.invalidTypeForSerializedAttribute(ValidationException.java:1139)
	at org.eclipse.persistence.internal.jpa.metadata.converters.SerializedMetadata.process(SerializedMetadata.java:99)
	at org.eclipse.persistence.internal.jpa.metadata.accessors.mappings.MappingAccessor.processSerialized(MappingAccessor.java:1948)
	at org.eclipse.persistence.internal.jpa.metadata.accessors.mappings.MappingAccessor.processMappingConverter(MappingAccessor.java:1775)
	at org.eclipse.persistence.internal.jpa.metadata.accessors.mappings.MappingAccessor.processMappingValueConverter(MappingAccessor.java:1796)
	at org.eclipse.persistence.internal.jpa.metadata.accessors.mappings.BasicAccessor.process(BasicAccessor.java:419)
	at org.eclipse.persistence.internal.jpa.metadata.MetadataDescriptor.processMappingAccessors(MetadataDescriptor.java:1536)
	at org.eclipse.persistence.internal.jpa.metadata.accessors.classes.ClassAccessor.processMappingAccessors(ClassAccessor.java:1648)
	at org.eclipse.persistence.internal.jpa.metadata.accessors.classes.EntityAccessor.processMappingAccessors(EntityAccessor.java:1234)
	at org.eclipse.persistence.internal.jpa.metadata.accessors.classes.EntityAccessor.process(EntityAccessor.java:697)
	at org.eclipse.persistence.internal.jpa.metadata.MetadataProject.processStage2(MetadataProject.java:1793)
	at org.eclipse.persistence.internal.jpa.metadata.MetadataProcessor.processORMMetadata(MetadataProcessor.java:576)
	at org.eclipse.persistence.internal.jpa.deployment.PersistenceUnitProcessor.processORMetadata(PersistenceUnitProcessor.java:585)
	at org.eclipse.persistence.internal.jpa.EntityManagerSetupImpl.predeploy(EntityManagerSetupImpl.java:1869)
	... 34 more
</error>
    <system-out>[EL Config]: metadata: 2017-05-22 22:01:21.17--ServerSession(726281927)--Thread(Thread[main,5,main])--The access type for the persistent class [class auction.domain.Bid] is set to [FIELD].
[EL Config]: metadata: 2017-05-22 22:01:21.172--ServerSession(726281927)--Thread(Thread[main,5,main])--The target entity (reference) class for the many to one mapping element [field buyer] is being defaulted to: class auction.domain.User.
[EL Config]: metadata: 2017-05-22 22:01:21.173--ServerSession(726281927)--Thread(Thread[main,5,main])--The access type for the persistent class [class auction.domain.Item] is set to [FIELD].
[EL Config]: metadata: 2017-05-22 22:01:21.173--ServerSession(726281927)--Thread(Thread[main,5,main])--The target entity (reference) class for the many to one mapping element [field seller] is being defaulted to: class auction.domain.User.
[EL Config]: metadata: 2017-05-22 22:01:21.173--ServerSession(726281927)--Thread(Thread[main,5,main])--The target entity (reference) class for the one to one mapping element [field highest] is being defaulted to: class auction.domain.Bid.
[EL Config]: metadata: 2017-05-22 22:01:21.175--ServerSession(726281927)--Thread(Thread[main,5,main])--The access type for the persistent class [class auction.domain.User] is set to [FIELD].
[EL Config]: metadata: 2017-05-22 22:01:21.176--ServerSession(726281927)--Thread(Thread[main,5,main])--The alias name for the entity class [class auction.domain.Bid] is being defaulted to: Bid.
[EL Config]: metadata: 2017-05-22 22:01:21.176--ServerSession(726281927)--Thread(Thread[main,5,main])--The table name for entity [class auction.domain.Bid] is being defaulted to: BID.
[EL Config]: metadata: 2017-05-22 22:01:21.177--ServerSession(726281927)--Thread(Thread[main,5,main])--The column name for element [amount] is being defaulted to: AMOUNT.
[EL Config]: metadata: 2017-05-22 22:01:21.177--ServerSession(726281927)--Thread(Thread[main,5,main])--The column name for element [id] is being defaulted to: ID.
[EL Config]: metadata: 2017-05-22 22:01:21.177--ServerSession(726281927)--Thread(Thread[main,5,main])--The column name for element [time] is being defaulted to: TIME.
</system-out>
  </testcase>
  <testcase classname="auction.service.SellerMgrTest" name="testRevokeItem" time="0.002">
    <error message="
Exception Description: An exception was thrown while searching for persistence archives with ClassLoader: sun.misc.Launcher$AppClassLoader@6bc7c054
Internal Exception: javax.persistence.PersistenceException: Exception [EclipseLink-28018] (Eclipse Persistence Services - 2.5.2.v20140319-9ad6abd): org.eclipse.persistence.exceptions.EntityManagerSetupException
Exception Description: Predeployment of PersistenceUnit [auctionPU] failed.
Internal Exception: Exception [EclipseLink-7155] (Eclipse Persistence Services - 2.5.2.v20140319-9ad6abd): org.eclipse.persistence.exceptions.ValidationException
Exception Description: The type [class nl.fontys.util.FontysTime] for the attribute [time] on the entity class [class auction.domain.Bid] is not a valid type for a serialized mapping. The attribute type must implement the Serializable interface." type="Local Exception Stack">Local Exception Stack: 
Exception [EclipseLink-30005] (Eclipse Persistence Services - 2.5.2.v20140319-9ad6abd): org.eclipse.persistence.exceptions.PersistenceUnitLoadingException
Exception Description: An exception was thrown while searching for persistence archives with ClassLoader: sun.misc.Launcher$AppClassLoader@6bc7c054
Internal Exception: javax.persistence.PersistenceException: Exception [EclipseLink-28018] (Eclipse Persistence Services - 2.5.2.v20140319-9ad6abd): org.eclipse.persistence.exceptions.EntityManagerSetupException
Exception Description: Predeployment of PersistenceUnit [auctionPU] failed.
Internal Exception: Exception [EclipseLink-7155] (Eclipse Persistence Services - 2.5.2.v20140319-9ad6abd): org.eclipse.persistence.exceptions.ValidationException
Exception Description: The type [class nl.fontys.util.FontysTime] for the attribute [time] on the entity class [class auction.domain.Bid] is not a valid type for a serialized mapping. The attribute type must implement the Serializable interface.
	at org.eclipse.persistence.exceptions.PersistenceUnitLoadingException.exceptionSearchingForPersistenceResources(PersistenceUnitLoadingException.java:127)
	at org.eclipse.persistence.jpa.PersistenceProvider.createEntityManagerFactoryImpl(PersistenceProvider.java:107)
	at org.eclipse.persistence.jpa.PersistenceProvider.createEntityManagerFactory(PersistenceProvider.java:177)
	at javax.persistence.Persistence.createEntityManagerFactory(Persistence.java:79)
	at javax.persistence.Persistence.createEntityManagerFactory(Persistence.java:54)
	at auction.service.SellerMgrTest.&lt;init&gt;(SellerMgrTest.java:24)
	at sun.reflect.NativeConstructorAccessorImpl.newInstance0(Native Method)
	at sun.reflect.NativeConstructorAccessorImpl.newInstance(NativeConstructorAccessorImpl.java:62)
	at sun.reflect.DelegatingConstructorAccessorImpl.newInstance(DelegatingConstructorAccessorImpl.java:45)
	at java.lang.reflect.Constructor.newInstance(Constructor.java:423)
	at org.junit.runners.BlockJUnit4ClassRunner.createTest(BlockJUnit4ClassRunner.java:217)
	at org.junit.runners.BlockJUnit4ClassRunner$1.runReflectiveCall(BlockJUnit4ClassRunner.java:266)
	at org.junit.internal.runners.model.ReflectiveCallable.run(ReflectiveCallable.java:12)
	at org.junit.runners.BlockJUnit4ClassRunner.methodBlock(BlockJUnit4ClassRunner.java:263)
	at org.junit.runners.BlockJUnit4ClassRunner.runChild(BlockJUnit4ClassRunner.java:78)
	at org.junit.runners.BlockJUnit4ClassRunner.runChild(BlockJUnit4ClassRunner.java:57)
	at org.junit.runners.ParentRunner$3.run(ParentRunner.java:290)
	at org.junit.runners.ParentRunner$1.schedule(ParentRunner.java:71)
	at org.junit.runners.ParentRunner.runChildren(ParentRunner.java:288)
	at org.junit.runners.ParentRunner.access$000(ParentRunner.java:58)
	at org.junit.runners.ParentRunner$2.evaluate(ParentRunner.java:268)
	at org.junit.runners.ParentRunner.run(ParentRunner.java:363)
	at org.apache.maven.surefire.junit4.JUnit4TestSet.execute(JUnit4TestSet.java:53)
	at org.apache.maven.surefire.junit4.JUnit4Provider.executeTestSet(JUnit4Provider.java:123)
	at org.apache.maven.surefire.junit4.JUnit4Provider.invoke(JUnit4Provider.java:104)
	at sun.reflect.NativeMethodAccessorImpl.invoke0(Native Method)
	at sun.reflect.NativeMethodAccessorImpl.invoke(NativeMethodAccessorImpl.java:62)
	at sun.reflect.DelegatingMethodAccessorImpl.invoke(DelegatingMethodAccessorImpl.java:43)
	at java.lang.reflect.Method.invoke(Method.java:498)
	at org.apache.maven.surefire.util.ReflectionUtils.invokeMethodWithArray(ReflectionUtils.java:164)
	at org.apache.maven.surefire.booter.ProviderFactory$ProviderProxy.invoke(ProviderFactory.java:110)
	at org.apache.maven.surefire.booter.SurefireStarter.invokeProvider(SurefireStarter.java:175)
	at org.apache.maven.surefire.booter.SurefireStarter.runSuitesInProcessWhenForked(SurefireStarter.java:107)
	at org.apache.maven.surefire.booter.ForkedBooter.main(ForkedBooter.java:68)
Caused by: javax.persistence.PersistenceException: Exception [EclipseLink-28018] (Eclipse Persistence Services - 2.5.2.v20140319-9ad6abd): org.eclipse.persistence.exceptions.EntityManagerSetupException
Exception Description: Predeployment of PersistenceUnit [auctionPU] failed.
Internal Exception: Exception [EclipseLink-7155] (Eclipse Persistence Services - 2.5.2.v20140319-9ad6abd): org.eclipse.persistence.exceptions.ValidationException
Exception Description: The type [class nl.fontys.util.FontysTime] for the attribute [time] on the entity class [class auction.domain.Bid] is not a valid type for a serialized mapping. The attribute type must implement the Serializable interface.
	at org.eclipse.persistence.internal.jpa.EntityManagerSetupImpl.createPredeployFailedPersistenceException(EntityManagerSetupImpl.java:1954)
	at org.eclipse.persistence.internal.jpa.EntityManagerSetupImpl.predeploy(EntityManagerSetupImpl.java:1945)
	at org.eclipse.persistence.internal.jpa.deployment.JPAInitializer.callPredeploy(JPAInitializer.java:98)
	at org.eclipse.persistence.jpa.PersistenceProvider.createEntityManagerFactoryImpl(PersistenceProvider.java:96)
	... 32 more
Caused by: Exception [EclipseLink-28018] (Eclipse Persistence Services - 2.5.2.v20140319-9ad6abd): org.eclipse.persistence.exceptions.EntityManagerSetupException
Exception Description: Predeployment of PersistenceUnit [auctionPU] failed.
Internal Exception: Exception [EclipseLink-7155] (Eclipse Persistence Services - 2.5.2.v20140319-9ad6abd): org.eclipse.persistence.exceptions.ValidationException
Exception Description: The type [class nl.fontys.util.FontysTime] for the attribute [time] on the entity class [class auction.domain.Bid] is not a valid type for a serialized mapping. The attribute type must implement the Serializable interface.
	at org.eclipse.persistence.exceptions.EntityManagerSetupException.predeployFailed(EntityManagerSetupException.java:230)
	... 36 more
Caused by: Exception [EclipseLink-7155] (Eclipse Persistence Services - 2.5.2.v20140319-9ad6abd): org.eclipse.persistence.exceptions.ValidationException
Exception Description: The type [class nl.fontys.util.FontysTime] for the attribute [time] on the entity class [class auction.domain.Bid] is not a valid type for a serialized mapping. The attribute type must implement the Serializable interface.
	at org.eclipse.persistence.exceptions.ValidationException.invalidTypeForSerializedAttribute(ValidationException.java:1139)
	at org.eclipse.persistence.internal.jpa.metadata.converters.SerializedMetadata.process(SerializedMetadata.java:99)
	at org.eclipse.persistence.internal.jpa.metadata.accessors.mappings.MappingAccessor.processSerialized(MappingAccessor.java:1948)
	at org.eclipse.persistence.internal.jpa.metadata.accessors.mappings.MappingAccessor.processMappingConverter(MappingAccessor.java:1775)
	at org.eclipse.persistence.internal.jpa.metadata.accessors.mappings.MappingAccessor.processMappingValueConverter(MappingAccessor.java:1796)
	at org.eclipse.persistence.internal.jpa.metadata.accessors.mappings.BasicAccessor.process(BasicAccessor.java:419)
	at org.eclipse.persistence.internal.jpa.metadata.MetadataDescriptor.processMappingAccessors(MetadataDescriptor.java:1536)
	at org.eclipse.persistence.internal.jpa.metadata.accessors.classes.ClassAccessor.processMappingAccessors(ClassAccessor.java:1648)
	at org.eclipse.persistence.internal.jpa.metadata.accessors.classes.EntityAccessor.processMappingAccessors(EntityAccessor.java:1234)
	at org.eclipse.persistence.internal.jpa.metadata.accessors.classes.EntityAccessor.process(EntityAccessor.java:697)
	at org.eclipse.persistence.internal.jpa.metadata.MetadataProject.processStage2(MetadataProject.java:1793)
	at org.eclipse.persistence.internal.jpa.metadata.MetadataProcessor.processORMMetadata(MetadataProcessor.java:576)
	at org.eclipse.persistence.internal.jpa.deployment.PersistenceUnitProcessor.processORMetadata(PersistenceUnitProcessor.java:585)
	at org.eclipse.persistence.internal.jpa.EntityManagerSetupImpl.predeploy(EntityManagerSetupImpl.java:1869)
	... 34 more
</error>
    <system-out>[EL Config]: metadata: 2017-05-22 22:01:21.191--ServerSession(1627428162)--Thread(Thread[main,5,main])--The access type for the persistent class [class auction.domain.Bid] is set to [FIELD].
[EL Config]: metadata: 2017-05-22 22:01:21.192--ServerSession(1627428162)--Thread(Thread[main,5,main])--The target entity (reference) class for the many to one mapping element [field buyer] is being defaulted to: class auction.domain.User.
[EL Config]: metadata: 2017-05-22 22:01:21.192--ServerSession(1627428162)--Thread(Thread[main,5,main])--The access type for the persistent class [class auction.domain.Item] is set to [FIELD].
[EL Config]: metadata: 2017-05-22 22:01:21.192--ServerSession(1627428162)--Thread(Thread[main,5,main])--The target entity (reference) class for the many to one mapping element [field seller] is being defaulted to: class auction.domain.User.
[EL Config]: metadata: 2017-05-22 22:01:21.193--ServerSession(1627428162)--Thread(Thread[main,5,main])--The target entity (reference) class for the one to one mapping element [field highest] is being defaulted to: class auction.domain.Bid.
[EL Config]: metadata: 2017-05-22 22:01:21.194--ServerSession(1627428162)--Thread(Thread[main,5,main])--The access type for the persistent class [class auction.domain.User] is set to [FIELD].
[EL Config]: metadata: 2017-05-22 22:01:21.194--ServerSession(1627428162)--Thread(Thread[main,5,main])--The alias name for the entity class [class auction.domain.Bid] is being defaulted to: Bid.
[EL Config]: metadata: 2017-05-22 22:01:21.194--ServerSession(1627428162)--Thread(Thread[main,5,main])--The table name for entity [class auction.domain.Bid] is being defaulted to: BID.
[EL Config]: metadata: 2017-05-22 22:01:21.194--ServerSession(1627428162)--Thread(Thread[main,5,main])--The column name for element [amount] is being defaulted to: AMOUNT.
[EL Config]: metadata: 2017-05-22 22:01:21.194--ServerSession(1627428162)--Thread(Thread[main,5,main])--The column name for element [id] is being defaulted to: ID.
[EL Config]: metadata: 2017-05-22 22:01:21.195--ServerSession(1627428162)--Thread(Thread[main,5,main])--The column name for element [time] is being defaulted to: TIME.
</system-out>
  </testcase>
</testsuite>